  BaseCharacter.cpp
  followCamera.cpp
  LockOn.cpp
  Ground.cpp
  Skydome.cpp
  Enemy.cpp
  MoveFloor.cpp
  ClearScene.cpp
  GameScene.cpp
  TitleScene.cpp
  Sprite.cpp
  Mesh.cpp
  Model.cpp
  Sphere.cpp
  ViewProjection.cpp
  WorldTransform.cpp
  DirectXCommon.cpp
  WinApp.cpp
  Engine.cpp
  IScene.cpp
  コードを生成中...
  コンパイル中...
  SceneManager.cpp
  math.cpp
  imgui.cpp
  imgui_demo.cpp
  imgui_draw.cpp
  imgui_impl_dx12.cpp
  imgui_impl_win32.cpp
  imgui_tables.cpp
  imgui_widgets.cpp
  GraphicsPipeline.cpp
  ImGuiManager.cpp
  KeyInput.cpp
  GlobalVariables.cpp
  main.cpp
  Particle.cpp
  Player.cpp
  StringUtility.cpp
  TextureManeger.cpp
  コードを生成中...
  DirectX.vcxproj -> C:\授業後期2年\CG4\x64\Debug\DirectX.exe
          1 個のファイルをコピーしました。
          1 個のファイルをコピーしました。
